<?xml version="1.0" encoding="UTF-8"?>
<!-- Generated by org.testng.reporters.JUnitReportReporter -->
<testsuite hostname="HW0524" failures="0" tests="2" name="testNGsessions.Grouping" time="0.030" errors="0" timestamp="2024-02-21T06:37:04 IST" skipped="0">
  <testcase classname="testNGsessions.Grouping" name="test4" time="0.027"/>
  <system-out/>
  <testcase classname="testNGsessions.Grouping" name="test5" time="0.003"/>
  <system-out/>
</testsuite> <!-- testNGsessions.Grouping -->
