<?xml version="1.0" encoding="UTF-8"?>
<!-- Generated by org.testng.reporters.JUnitReportReporter -->
<testsuite hostname="HW0524" failures="0" tests="2" name="testNGsessions.AppTest" time="12.617" errors="0" timestamp="2024-02-14T07:14:28 IST" skipped="0">
  <testcase classname="testNGsessions.AppTest" name="aTest1" time="9.159"/>
  <system-out/>
  <testcase classname="testNGsessions.AppTest" name="aTest" time="3.458"/>
  <system-out/>
</testsuite> <!-- testNGsessions.AppTest -->
