<?xml version="1.0" encoding="UTF-8"?>
<!-- Generated by org.testng.reporters.JUnitReportReporter -->
<testsuite hostname="HW0524" failures="0" tests="1" name="testNGsessions.ExcelDataProviderTest" time="0.008" errors="0" timestamp="2024-02-29T06:38:09 IST" skipped="0">
  <testcase classname="testNGsessions.ExcelDataProviderTest" name="testDataFromExcel" time="0.008"/>
  <system-out/>
</testsuite> <!-- testNGsessions.ExcelDataProviderTest -->
