<?xml version="1.0" encoding="UTF-8"?>
<!-- Generated by org.testng.reporters.JUnitReportReporter -->
<testsuite hostname="HW0524" failures="0" tests="6" name="testNGsessions.Priority" time="0.058" errors="0" timestamp="2024-02-21T06:27:33 IST" skipped="0">
  <testcase classname="testNGsessions.Priority" name="eee" time="0.036"/>
  <system-out/>
  <testcase classname="testNGsessions.Priority" name="ddd" time="0.007"/>
  <system-out/>
  <testcase classname="testNGsessions.Priority" name="ccc" time="0.003"/>
  <system-out/>
  <testcase classname="testNGsessions.Priority" name="bbb" time="0.004"/>
  <system-out/>
  <testcase classname="testNGsessions.Priority" name="bbb2" time="0.004"/>
  <system-out/>
  <testcase classname="testNGsessions.Priority" name="fff" time="0.004"/>
  <system-out/>
</testsuite> <!-- testNGsessions.Priority -->
